<?xml version="1.0" encoding="UTF-8"?>
<!-- Generated by org.testng.reporters.JUnitReportReporter -->
<testsuite hostname="Dev-5-PC" name="com.qa.testcases.HomePageTest" tests="2" failures="0" timestamp="6 May 2019 23:45:58 GMT" time="25.563" errors="0">
  <testcase name="verifyContactLink" time="12.643" classname="com.qa.testcases.HomePageTest"/>
  <testcase name="verifyLoggedInUser" time="12.920" classname="com.qa.testcases.HomePageTest"/>
</testsuite> <!-- com.qa.testcases.HomePageTest -->
