<?xml version="1.0" encoding="UTF-8"?>
<!-- Generated by org.testng.reporters.JUnitReportReporter -->
<testsuite hostname="Dev-5-PC" name="com.qa.testcases.LoginPageTest" tests="1" failures="0" timestamp="6 May 2019 23:45:58 GMT" time="11.915" errors="0">
  <testcase name="successfulLoginTest" time="11.915" classname="com.qa.testcases.LoginPageTest"/>
</testsuite> <!-- com.qa.testcases.LoginPageTest -->
