<?xml version="1.0" encoding="UTF-8"?>
<!-- Generated by org.testng.reporters.JUnitReportReporter -->
<testsuite skipped="0" hostname="Dev-5-PC" name="com.qa.testcases.LoginPageTest" tests="1" failures="0" timestamp="06 May 2019 23:21:04 GMT" time="12.607" errors="0">
  <testcase name="successfulLoginTest" time="12.607" classname="com.qa.testcases.LoginPageTest"/>
</testsuite> <!-- com.qa.testcases.LoginPageTest -->
